#-----------------------------------------------------------
# Vivado v2019.2 (64-bit)
# SW Build 2708876 on Wed Nov  6 21:40:23 MST 2019
# IP Build 2700528 on Thu Nov  7 00:09:20 MST 2019
# Start of session at: Mon Dec 16 03:45:50 2019
# Process ID: 22096
# Current directory: C:/Users/milin_/Desktop/Advanced Computer Hardware Design/Mips_processorUARTAlphav2
# Command line: vivado.exe -gui_launcher_event rodinguilauncherevent13124 C:\Users\milin_\Desktop\Advanced Computer Hardware Design\Mips_processorUARTAlphav2\Mips_processorUARTAlphav2.xpr
# Log file: C:/Users/milin_/Desktop/Advanced Computer Hardware Design/Mips_processorUARTAlphav2/vivado.log
# Journal file: C:/Users/milin_/Desktop/Advanced Computer Hardware Design/Mips_processorUARTAlphav2\vivado.jou
#-----------------------------------------------------------
start_gui
open_project {C:/Users/milin_/Desktop/Advanced Computer Hardware Design/Mips_processorUARTAlphav2/Mips_processorUARTAlphav2.xpr}
INFO: [ProjectBase 1-489] The host OS only allows 260 characters in a normal path. The project is stored in a path with more than 80 characters. If you experience issues with IP, Block Designs, or files not being found, please consider moving the project to a location with a shorter path. Alternately consider using the OS subst command to map part of the path to a drive letter.
Current project path is 'C:/Users/milin_/Desktop/Advanced Computer Hardware Design/Mips_processorUARTAlphav2'
Scanning sources...
Finished scanning sources
INFO: [IP_Flow 19-234] Refreshing IP repositories
INFO: [IP_Flow 19-1704] No user IP repositories specified
INFO: [IP_Flow 19-2313] Loaded Vivado IP repository 'C:/Xilinx/Vivado/2019.2/data/ip'.
open_project: Time (s): cpu = 00:00:15 ; elapsed = 00:00:08 . Memory (MB): peak = 916.438 ; gain = 263.469
update_compile_order -fileset sources_1
exit
INFO: [Common 17-206] Exiting Vivado at Mon Dec 16 04:03:05 2019...
