
*** Running vivado
    with args -log clk_wiz_0.vds -m64 -product Vivado -mode batch -messageDb vivado.pb -notrace -source clk_wiz_0.tcl


****** Vivado v2017.3 (64-bit)
  **** SW Build 2018833 on Wed Oct  4 19:58:07 MDT 2017
  **** IP Build 2016188 on Wed Oct  4 21:52:56 MDT 2017
    ** Copyright 1986-2017 Xilinx, Inc. All Rights Reserved.

source clk_wiz_0.tcl -notrace
Starting RTL Elaboration : Time (s): cpu = 00:00:08 ; elapsed = 00:00:09 . Memory (MB): peak = 1302.449 ; gain = 81.996 ; free physical = 169 ; free virtual = 9442
INFO: [Synth 8-638] synthesizing module 'clk_wiz_0' [/media/deepraj/Work/workspace/Lecture/TA/advance_hardware/ADHD/Lab4/lab4/lab4.srcs/sources_1/ip/clk_wiz_0/clk_wiz_0.v:70]
INFO: [Synth 8-638] synthesizing module 'clk_wiz_0_clk_wiz' [/media/deepraj/Work/workspace/Lecture/TA/advance_hardware/ADHD/Lab4/lab4/lab4.srcs/sources_1/ip/clk_wiz_0/clk_wiz_0_clk_wiz.v:68]
INFO: [Synth 8-638] synthesizing module 'IBUF' [/opt/Xilinx/Vivado/2017.3/scripts/rt/data/unisim_comp.v:19468]
INFO: [Synth 8-256] done synthesizing module 'IBUF' (1#1) [/opt/Xilinx/Vivado/2017.3/scripts/rt/data/unisim_comp.v:19468]
INFO: [Synth 8-638] synthesizing module 'MMCME2_ADV' [/opt/Xilinx/Vivado/2017.3/scripts/rt/data/unisim_comp.v:25757]
INFO: [Synth 8-256] done synthesizing module 'MMCME2_ADV' (2#1) [/opt/Xilinx/Vivado/2017.3/scripts/rt/data/unisim_comp.v:25757]
INFO: [Synth 8-638] synthesizing module 'BUFG' [/opt/Xilinx/Vivado/2017.3/scripts/rt/data/unisim_comp.v:607]
INFO: [Synth 8-256] done synthesizing module 'BUFG' (3#1) [/opt/Xilinx/Vivado/2017.3/scripts/rt/data/unisim_comp.v:607]
INFO: [Synth 8-256] done synthesizing module 'clk_wiz_0_clk_wiz' (4#1) [/media/deepraj/Work/workspace/Lecture/TA/advance_hardware/ADHD/Lab4/lab4/lab4.srcs/sources_1/ip/clk_wiz_0/clk_wiz_0_clk_wiz.v:68]
INFO: [Synth 8-256] done synthesizing module 'clk_wiz_0' (5#1) [/media/deepraj/Work/workspace/Lecture/TA/advance_hardware/ADHD/Lab4/lab4/lab4.srcs/sources_1/ip/clk_wiz_0/clk_wiz_0.v:70]
Finished RTL Elaboration : Time (s): cpu = 00:00:08 ; elapsed = 00:00:10 . Memory (MB): peak = 1343.980 ; gain = 123.527 ; free physical = 209 ; free virtual = 9451
Finished RTL Optimization Phase 1 : Time (s): cpu = 00:00:08 ; elapsed = 00:00:10 . Memory (MB): peak = 1343.980 ; gain = 123.527 ; free physical = 209 ; free virtual = 9452
INFO: [Device 21-403] Loading part xc7a35tcpg236-1
Constraint Validation Runtime : Time (s): cpu = 00:00:00 ; elapsed = 00:00:00 . Memory (MB): peak = 1619.598 ; gain = 0.000 ; free physical = 329 ; free virtual = 9199
Finished Constraint Validation : Time (s): cpu = 00:00:26 ; elapsed = 00:00:43 . Memory (MB): peak = 1619.598 ; gain = 399.145 ; free physical = 441 ; free virtual = 9275
Finished Loading Part and Timing Information : Time (s): cpu = 00:00:26 ; elapsed = 00:00:43 . Memory (MB): peak = 1619.598 ; gain = 399.145 ; free physical = 440 ; free virtual = 9274
Finished applying 'set_property' XDC Constraints : Time (s): cpu = 00:00:26 ; elapsed = 00:00:43 . Memory (MB): peak = 1619.598 ; gain = 399.145 ; free physical = 442 ; free virtual = 9276
Finished RTL Optimization Phase 2 : Time (s): cpu = 00:00:26 ; elapsed = 00:00:43 . Memory (MB): peak = 1619.598 ; gain = 399.145 ; free physical = 441 ; free virtual = 9272
Finished Cross Boundary and Area Optimization : Time (s): cpu = 00:00:27 ; elapsed = 00:00:43 . Memory (MB): peak = 1619.598 ; gain = 399.145 ; free physical = 442 ; free virtual = 9273
Finished Applying XDC Timing Constraints : Time (s): cpu = 00:00:33 ; elapsed = 00:00:53 . Memory (MB): peak = 1622.582 ; gain = 402.129 ; free physical = 303 ; free virtual = 9150
Finished Timing Optimization : Time (s): cpu = 00:00:33 ; elapsed = 00:00:53 . Memory (MB): peak = 1622.582 ; gain = 402.129 ; free physical = 303 ; free virtual = 9150
Finished Technology Mapping : Time (s): cpu = 00:00:33 ; elapsed = 00:00:53 . Memory (MB): peak = 1632.598 ; gain = 412.145 ; free physical = 302 ; free virtual = 9149
Finished IO Insertion : Time (s): cpu = 00:00:34 ; elapsed = 00:00:53 . Memory (MB): peak = 1632.598 ; gain = 412.145 ; free physical = 302 ; free virtual = 9150
Finished Renaming Generated Instances : Time (s): cpu = 00:00:34 ; elapsed = 00:00:53 . Memory (MB): peak = 1632.598 ; gain = 412.145 ; free physical = 302 ; free virtual = 9150
Finished Rebuilding User Hierarchy : Time (s): cpu = 00:00:34 ; elapsed = 00:00:54 . Memory (MB): peak = 1632.598 ; gain = 412.145 ; free physical = 302 ; free virtual = 9150
Finished Renaming Generated Ports : Time (s): cpu = 00:00:34 ; elapsed = 00:00:54 . Memory (MB): peak = 1632.598 ; gain = 412.145 ; free physical = 302 ; free virtual = 9150
Finished Handling Custom Attributes : Time (s): cpu = 00:00:34 ; elapsed = 00:00:54 . Memory (MB): peak = 1632.598 ; gain = 412.145 ; free physical = 302 ; free virtual = 9150
Finished Renaming Generated Nets : Time (s): cpu = 00:00:34 ; elapsed = 00:00:54 . Memory (MB): peak = 1632.598 ; gain = 412.145 ; free physical = 302 ; free virtual = 9150

Report Cell Usage: 
+------+-----------+------+
|      |Cell       |Count |
+------+-----------+------+
|1     |BUFG       |     2|
|2     |MMCME2_ADV |     1|
|3     |IBUF       |     1|
+------+-----------+------+
Finished Writing Synthesis Report : Time (s): cpu = 00:00:34 ; elapsed = 00:00:54 . Memory (MB): peak = 1632.598 ; gain = 412.145 ; free physical = 302 ; free virtual = 9150
synth_design: Time (s): cpu = 00:00:35 ; elapsed = 00:00:55 . Memory (MB): peak = 1637.598 ; gain = 441.973 ; free physical = 339 ; free virtual = 9188
