
*** Running vivado
    with args -log rotate_fpga.vdi -applog -m64 -product Vivado -messageDb vivado.pb -mode batch -source rotate_fpga.tcl -notrace


****** Vivado v2017.3 (64-bit)
  **** SW Build 2018833 on Wed Oct  4 19:58:07 MDT 2017
  **** IP Build 2016188 on Wed Oct  4 21:52:56 MDT 2017
    ** Copyright 1986-2017 Xilinx, Inc. All Rights Reserved.

source rotate_fpga.tcl -notrace
Command: link_design -top rotate_fpga -part xc7a35tcpg236-1
Design is defaulting to srcset: sources_1
Design is defaulting to constrset: constrs_1
INFO: [Netlist 29-17] Analyzing 8 Unisim elements for replacement
INFO: [Netlist 29-28] Unisim Transformation completed in 0 CPU seconds
INFO: [Project 1-479] Netlist was created with Vivado 2017.3
INFO: [Device 21-403] Loading part xc7a35tcpg236-1
INFO: [Project 1-570] Preparing netlist for logic optimization
Parsing XDC File [/media/deepraj/Work/workspace/Lecture/Hardwar_security/homework/rotate/rotate.srcs/constrs_2/imports/new/basys3.xdc]
WARNING: [Vivado 12-584] No ports matched 'sw[0]'. [/media/deepraj/Work/workspace/Lecture/Hardwar_security/homework/rotate/rotate.srcs/constrs_2/imports/new/basys3.xdc:12]
CRITICAL WARNING: [Common 17-55] 'set_property' expects at least one object. [/media/deepraj/Work/workspace/Lecture/Hardwar_security/homework/rotate/rotate.srcs/constrs_2/imports/new/basys3.xdc:12]
Resolution: If [get_<value>] was used to populate the object, check to make sure this command returns at least one valid object.
WARNING: [Vivado 12-584] No ports matched 'sw[0]'. [/media/deepraj/Work/workspace/Lecture/Hardwar_security/homework/rotate/rotate.srcs/constrs_2/imports/new/basys3.xdc:13]
CRITICAL WARNING: [Common 17-55] 'set_property' expects at least one object. [/media/deepraj/Work/workspace/Lecture/Hardwar_security/homework/rotate/rotate.srcs/constrs_2/imports/new/basys3.xdc:13]
Resolution: If [get_<value>] was used to populate the object, check to make sure this command returns at least one valid object.
WARNING: [Vivado 12-584] No ports matched 'sw[1]'. [/media/deepraj/Work/workspace/Lecture/Hardwar_security/homework/rotate/rotate.srcs/constrs_2/imports/new/basys3.xdc:14]
CRITICAL WARNING: [Common 17-55] 'set_property' expects at least one object. [/media/deepraj/Work/workspace/Lecture/Hardwar_security/homework/rotate/rotate.srcs/constrs_2/imports/new/basys3.xdc:14]
Resolution: If [get_<value>] was used to populate the object, check to make sure this command returns at least one valid object.
WARNING: [Vivado 12-584] No ports matched 'sw[1]'. [/media/deepraj/Work/workspace/Lecture/Hardwar_security/homework/rotate/rotate.srcs/constrs_2/imports/new/basys3.xdc:15]
CRITICAL WARNING: [Common 17-55] 'set_property' expects at least one object. [/media/deepraj/Work/workspace/Lecture/Hardwar_security/homework/rotate/rotate.srcs/constrs_2/imports/new/basys3.xdc:15]
Resolution: If [get_<value>] was used to populate the object, check to make sure this command returns at least one valid object.
WARNING: [Vivado 12-584] No ports matched 'LED[0]'. [/media/deepraj/Work/workspace/Lecture/Hardwar_security/homework/rotate/rotate.srcs/constrs_2/imports/new/basys3.xdc:47]
CRITICAL WARNING: [Common 17-55] 'set_property' expects at least one object. [/media/deepraj/Work/workspace/Lecture/Hardwar_security/homework/rotate/rotate.srcs/constrs_2/imports/new/basys3.xdc:47]
Resolution: If [get_<value>] was used to populate the object, check to make sure this command returns at least one valid object.
WARNING: [Vivado 12-584] No ports matched 'LED[0]'. [/media/deepraj/Work/workspace/Lecture/Hardwar_security/homework/rotate/rotate.srcs/constrs_2/imports/new/basys3.xdc:48]
CRITICAL WARNING: [Common 17-55] 'set_property' expects at least one object. [/media/deepraj/Work/workspace/Lecture/Hardwar_security/homework/rotate/rotate.srcs/constrs_2/imports/new/basys3.xdc:48]
Resolution: If [get_<value>] was used to populate the object, check to make sure this command returns at least one valid object.
WARNING: [Vivado 12-584] No ports matched 'LED[1]'. [/media/deepraj/Work/workspace/Lecture/Hardwar_security/homework/rotate/rotate.srcs/constrs_2/imports/new/basys3.xdc:49]
CRITICAL WARNING: [Common 17-55] 'set_property' expects at least one object. [/media/deepraj/Work/workspace/Lecture/Hardwar_security/homework/rotate/rotate.srcs/constrs_2/imports/new/basys3.xdc:49]
Resolution: If [get_<value>] was used to populate the object, check to make sure this command returns at least one valid object.
WARNING: [Vivado 12-584] No ports matched 'LED[1]'. [/media/deepraj/Work/workspace/Lecture/Hardwar_security/homework/rotate/rotate.srcs/constrs_2/imports/new/basys3.xdc:50]
CRITICAL WARNING: [Common 17-55] 'set_property' expects at least one object. [/media/deepraj/Work/workspace/Lecture/Hardwar_security/homework/rotate/rotate.srcs/constrs_2/imports/new/basys3.xdc:50]
Resolution: If [get_<value>] was used to populate the object, check to make sure this command returns at least one valid object.
WARNING: [Vivado 12-584] No ports matched 'LED[2]'. [/media/deepraj/Work/workspace/Lecture/Hardwar_security/homework/rotate/rotate.srcs/constrs_2/imports/new/basys3.xdc:51]
CRITICAL WARNING: [Common 17-55] 'set_property' expects at least one object. [/media/deepraj/Work/workspace/Lecture/Hardwar_security/homework/rotate/rotate.srcs/constrs_2/imports/new/basys3.xdc:51]
Resolution: If [get_<value>] was used to populate the object, check to make sure this command returns at least one valid object.
WARNING: [Vivado 12-584] No ports matched 'LED[2]'. [/media/deepraj/Work/workspace/Lecture/Hardwar_security/homework/rotate/rotate.srcs/constrs_2/imports/new/basys3.xdc:52]
CRITICAL WARNING: [Common 17-55] 'set_property' expects at least one object. [/media/deepraj/Work/workspace/Lecture/Hardwar_security/homework/rotate/rotate.srcs/constrs_2/imports/new/basys3.xdc:52]
Resolution: If [get_<value>] was used to populate the object, check to make sure this command returns at least one valid object.
WARNING: [Vivado 12-584] No ports matched 'LED[3]'. [/media/deepraj/Work/workspace/Lecture/Hardwar_security/homework/rotate/rotate.srcs/constrs_2/imports/new/basys3.xdc:53]
CRITICAL WARNING: [Common 17-55] 'set_property' expects at least one object. [/media/deepraj/Work/workspace/Lecture/Hardwar_security/homework/rotate/rotate.srcs/constrs_2/imports/new/basys3.xdc:53]
Resolution: If [get_<value>] was used to populate the object, check to make sure this command returns at least one valid object.
WARNING: [Vivado 12-584] No ports matched 'LED[3]'. [/media/deepraj/Work/workspace/Lecture/Hardwar_security/homework/rotate/rotate.srcs/constrs_2/imports/new/basys3.xdc:54]
CRITICAL WARNING: [Common 17-55] 'set_property' expects at least one object. [/media/deepraj/Work/workspace/Lecture/Hardwar_security/homework/rotate/rotate.srcs/constrs_2/imports/new/basys3.xdc:54]
Resolution: If [get_<value>] was used to populate the object, check to make sure this command returns at least one valid object.
WARNING: [Vivado 12-584] No ports matched 'LED[4]'. [/media/deepraj/Work/workspace/Lecture/Hardwar_security/homework/rotate/rotate.srcs/constrs_2/imports/new/basys3.xdc:55]
CRITICAL WARNING: [Common 17-55] 'set_property' expects at least one object. [/media/deepraj/Work/workspace/Lecture/Hardwar_security/homework/rotate/rotate.srcs/constrs_2/imports/new/basys3.xdc:55]
Resolution: If [get_<value>] was used to populate the object, check to make sure this command returns at least one valid object.
WARNING: [Vivado 12-584] No ports matched 'LED[4]'. [/media/deepraj/Work/workspace/Lecture/Hardwar_security/homework/rotate/rotate.srcs/constrs_2/imports/new/basys3.xdc:56]
CRITICAL WARNING: [Common 17-55] 'set_property' expects at least one object. [/media/deepraj/Work/workspace/Lecture/Hardwar_security/homework/rotate/rotate.srcs/constrs_2/imports/new/basys3.xdc:56]
Resolution: If [get_<value>] was used to populate the object, check to make sure this command returns at least one valid object.
WARNING: [Vivado 12-584] No ports matched 'LED[5]'. [/media/deepraj/Work/workspace/Lecture/Hardwar_security/homework/rotate/rotate.srcs/constrs_2/imports/new/basys3.xdc:57]
CRITICAL WARNING: [Common 17-55] 'set_property' expects at least one object. [/media/deepraj/Work/workspace/Lecture/Hardwar_security/homework/rotate/rotate.srcs/constrs_2/imports/new/basys3.xdc:57]
Resolution: If [get_<value>] was used to populate the object, check to make sure this command returns at least one valid object.
WARNING: [Vivado 12-584] No ports matched 'LED[5]'. [/media/deepraj/Work/workspace/Lecture/Hardwar_security/homework/rotate/rotate.srcs/constrs_2/imports/new/basys3.xdc:58]
CRITICAL WARNING: [Common 17-55] 'set_property' expects at least one object. [/media/deepraj/Work/workspace/Lecture/Hardwar_security/homework/rotate/rotate.srcs/constrs_2/imports/new/basys3.xdc:58]
Resolution: If [get_<value>] was used to populate the object, check to make sure this command returns at least one valid object.
WARNING: [Vivado 12-584] No ports matched 'LED[6]'. [/media/deepraj/Work/workspace/Lecture/Hardwar_security/homework/rotate/rotate.srcs/constrs_2/imports/new/basys3.xdc:59]
CRITICAL WARNING: [Common 17-55] 'set_property' expects at least one object. [/media/deepraj/Work/workspace/Lecture/Hardwar_security/homework/rotate/rotate.srcs/constrs_2/imports/new/basys3.xdc:59]
Resolution: If [get_<value>] was used to populate the object, check to make sure this command returns at least one valid object.
WARNING: [Vivado 12-584] No ports matched 'LED[6]'. [/media/deepraj/Work/workspace/Lecture/Hardwar_security/homework/rotate/rotate.srcs/constrs_2/imports/new/basys3.xdc:60]
CRITICAL WARNING: [Common 17-55] 'set_property' expects at least one object. [/media/deepraj/Work/workspace/Lecture/Hardwar_security/homework/rotate/rotate.srcs/constrs_2/imports/new/basys3.xdc:60]
Resolution: If [get_<value>] was used to populate the object, check to make sure this command returns at least one valid object.
WARNING: [Vivado 12-584] No ports matched 'LED[7]'. [/media/deepraj/Work/workspace/Lecture/Hardwar_security/homework/rotate/rotate.srcs/constrs_2/imports/new/basys3.xdc:61]
CRITICAL WARNING: [Common 17-55] 'set_property' expects at least one object. [/media/deepraj/Work/workspace/Lecture/Hardwar_security/homework/rotate/rotate.srcs/constrs_2/imports/new/basys3.xdc:61]
Resolution: If [get_<value>] was used to populate the object, check to make sure this command returns at least one valid object.
WARNING: [Vivado 12-584] No ports matched 'LED[7]'. [/media/deepraj/Work/workspace/Lecture/Hardwar_security/homework/rotate/rotate.srcs/constrs_2/imports/new/basys3.xdc:62]
CRITICAL WARNING: [Common 17-55] 'set_property' expects at least one object. [/media/deepraj/Work/workspace/Lecture/Hardwar_security/homework/rotate/rotate.srcs/constrs_2/imports/new/basys3.xdc:62]
Resolution: If [get_<value>] was used to populate the object, check to make sure this command returns at least one valid object.
WARNING: [Vivado 12-584] No ports matched 'LED[8]'. [/media/deepraj/Work/workspace/Lecture/Hardwar_security/homework/rotate/rotate.srcs/constrs_2/imports/new/basys3.xdc:63]
CRITICAL WARNING: [Common 17-55] 'set_property' expects at least one object. [/media/deepraj/Work/workspace/Lecture/Hardwar_security/homework/rotate/rotate.srcs/constrs_2/imports/new/basys3.xdc:63]
Resolution: If [get_<value>] was used to populate the object, check to make sure this command returns at least one valid object.
WARNING: [Vivado 12-584] No ports matched 'LED[8]'. [/media/deepraj/Work/workspace/Lecture/Hardwar_security/homework/rotate/rotate.srcs/constrs_2/imports/new/basys3.xdc:64]
CRITICAL WARNING: [Common 17-55] 'set_property' expects at least one object. [/media/deepraj/Work/workspace/Lecture/Hardwar_security/homework/rotate/rotate.srcs/constrs_2/imports/new/basys3.xdc:64]
Resolution: If [get_<value>] was used to populate the object, check to make sure this command returns at least one valid object.
WARNING: [Vivado 12-584] No ports matched 'LED[9]'. [/media/deepraj/Work/workspace/Lecture/Hardwar_security/homework/rotate/rotate.srcs/constrs_2/imports/new/basys3.xdc:65]
CRITICAL WARNING: [Common 17-55] 'set_property' expects at least one object. [/media/deepraj/Work/workspace/Lecture/Hardwar_security/homework/rotate/rotate.srcs/constrs_2/imports/new/basys3.xdc:65]
Resolution: If [get_<value>] was used to populate the object, check to make sure this command returns at least one valid object.
WARNING: [Vivado 12-584] No ports matched 'LED[9]'. [/media/deepraj/Work/workspace/Lecture/Hardwar_security/homework/rotate/rotate.srcs/constrs_2/imports/new/basys3.xdc:66]
CRITICAL WARNING: [Common 17-55] 'set_property' expects at least one object. [/media/deepraj/Work/workspace/Lecture/Hardwar_security/homework/rotate/rotate.srcs/constrs_2/imports/new/basys3.xdc:66]
Resolution: If [get_<value>] was used to populate the object, check to make sure this command returns at least one valid object.
WARNING: [Vivado 12-584] No ports matched 'LED[10]'. [/media/deepraj/Work/workspace/Lecture/Hardwar_security/homework/rotate/rotate.srcs/constrs_2/imports/new/basys3.xdc:67]
CRITICAL WARNING: [Common 17-55] 'set_property' expects at least one object. [/media/deepraj/Work/workspace/Lecture/Hardwar_security/homework/rotate/rotate.srcs/constrs_2/imports/new/basys3.xdc:67]
Resolution: If [get_<value>] was used to populate the object, check to make sure this command returns at least one valid object.
WARNING: [Vivado 12-584] No ports matched 'LED[10]'. [/media/deepraj/Work/workspace/Lecture/Hardwar_security/homework/rotate/rotate.srcs/constrs_2/imports/new/basys3.xdc:68]
CRITICAL WARNING: [Common 17-55] 'set_property' expects at least one object. [/media/deepraj/Work/workspace/Lecture/Hardwar_security/homework/rotate/rotate.srcs/constrs_2/imports/new/basys3.xdc:68]
Resolution: If [get_<value>] was used to populate the object, check to make sure this command returns at least one valid object.
WARNING: [Vivado 12-584] No ports matched 'LED[11]'. [/media/deepraj/Work/workspace/Lecture/Hardwar_security/homework/rotate/rotate.srcs/constrs_2/imports/new/basys3.xdc:69]
CRITICAL WARNING: [Common 17-55] 'set_property' expects at least one object. [/media/deepraj/Work/workspace/Lecture/Hardwar_security/homework/rotate/rotate.srcs/constrs_2/imports/new/basys3.xdc:69]
Resolution: If [get_<value>] was used to populate the object, check to make sure this command returns at least one valid object.
WARNING: [Vivado 12-584] No ports matched 'LED[11]'. [/media/deepraj/Work/workspace/Lecture/Hardwar_security/homework/rotate/rotate.srcs/constrs_2/imports/new/basys3.xdc:70]
CRITICAL WARNING: [Common 17-55] 'set_property' expects at least one object. [/media/deepraj/Work/workspace/Lecture/Hardwar_security/homework/rotate/rotate.srcs/constrs_2/imports/new/basys3.xdc:70]
Resolution: If [get_<value>] was used to populate the object, check to make sure this command returns at least one valid object.
WARNING: [Vivado 12-584] No ports matched 'LED[12]'. [/media/deepraj/Work/workspace/Lecture/Hardwar_security/homework/rotate/rotate.srcs/constrs_2/imports/new/basys3.xdc:71]
CRITICAL WARNING: [Common 17-55] 'set_property' expects at least one object. [/media/deepraj/Work/workspace/Lecture/Hardwar_security/homework/rotate/rotate.srcs/constrs_2/imports/new/basys3.xdc:71]
Resolution: If [get_<value>] was used to populate the object, check to make sure this command returns at least one valid object.
WARNING: [Vivado 12-584] No ports matched 'LED[12]'. [/media/deepraj/Work/workspace/Lecture/Hardwar_security/homework/rotate/rotate.srcs/constrs_2/imports/new/basys3.xdc:72]
CRITICAL WARNING: [Common 17-55] 'set_property' expects at least one object. [/media/deepraj/Work/workspace/Lecture/Hardwar_security/homework/rotate/rotate.srcs/constrs_2/imports/new/basys3.xdc:72]
Resolution: If [get_<value>] was used to populate the object, check to make sure this command returns at least one valid object.
WARNING: [Vivado 12-584] No ports matched 'LED[13]'. [/media/deepraj/Work/workspace/Lecture/Hardwar_security/homework/rotate/rotate.srcs/constrs_2/imports/new/basys3.xdc:73]
CRITICAL WARNING: [Common 17-55] 'set_property' expects at least one object. [/media/deepraj/Work/workspace/Lecture/Hardwar_security/homework/rotate/rotate.srcs/constrs_2/imports/new/basys3.xdc:73]
Resolution: If [get_<value>] was used to populate the object, check to make sure this command returns at least one valid object.
WARNING: [Vivado 12-584] No ports matched 'LED[13]'. [/media/deepraj/Work/workspace/Lecture/Hardwar_security/homework/rotate/rotate.srcs/constrs_2/imports/new/basys3.xdc:74]
CRITICAL WARNING: [Common 17-55] 'set_property' expects at least one object. [/media/deepraj/Work/workspace/Lecture/Hardwar_security/homework/rotate/rotate.srcs/constrs_2/imports/new/basys3.xdc:74]
Resolution: If [get_<value>] was used to populate the object, check to make sure this command returns at least one valid object.
WARNING: [Vivado 12-584] No ports matched 'LED[14]'. [/media/deepraj/Work/workspace/Lecture/Hardwar_security/homework/rotate/rotate.srcs/constrs_2/imports/new/basys3.xdc:75]
CRITICAL WARNING: [Common 17-55] 'set_property' expects at least one object. [/media/deepraj/Work/workspace/Lecture/Hardwar_security/homework/rotate/rotate.srcs/constrs_2/imports/new/basys3.xdc:75]
Resolution: If [get_<value>] was used to populate the object, check to make sure this command returns at least one valid object.
WARNING: [Vivado 12-584] No ports matched 'LED[14]'. [/media/deepraj/Work/workspace/Lecture/Hardwar_security/homework/rotate/rotate.srcs/constrs_2/imports/new/basys3.xdc:76]
CRITICAL WARNING: [Common 17-55] 'set_property' expects at least one object. [/media/deepraj/Work/workspace/Lecture/Hardwar_security/homework/rotate/rotate.srcs/constrs_2/imports/new/basys3.xdc:76]
Resolution: If [get_<value>] was used to populate the object, check to make sure this command returns at least one valid object.
WARNING: [Vivado 12-584] No ports matched 'LED[15]'. [/media/deepraj/Work/workspace/Lecture/Hardwar_security/homework/rotate/rotate.srcs/constrs_2/imports/new/basys3.xdc:77]
CRITICAL WARNING: [Common 17-55] 'set_property' expects at least one object. [/media/deepraj/Work/workspace/Lecture/Hardwar_security/homework/rotate/rotate.srcs/constrs_2/imports/new/basys3.xdc:77]
Resolution: If [get_<value>] was used to populate the object, check to make sure this command returns at least one valid object.
WARNING: [Vivado 12-584] No ports matched 'LED[15]'. [/media/deepraj/Work/workspace/Lecture/Hardwar_security/homework/rotate/rotate.srcs/constrs_2/imports/new/basys3.xdc:78]
CRITICAL WARNING: [Common 17-55] 'set_property' expects at least one object. [/media/deepraj/Work/workspace/Lecture/Hardwar_security/homework/rotate/rotate.srcs/constrs_2/imports/new/basys3.xdc:78]
Resolution: If [get_<value>] was used to populate the object, check to make sure this command returns at least one valid object.
WARNING: [Vivado 12-584] No ports matched 'seg[0]'. [/media/deepraj/Work/workspace/Lecture/Hardwar_security/homework/rotate/rotate.srcs/constrs_2/imports/new/basys3.xdc:82]
CRITICAL WARNING: [Common 17-55] 'set_property' expects at least one object. [/media/deepraj/Work/workspace/Lecture/Hardwar_security/homework/rotate/rotate.srcs/constrs_2/imports/new/basys3.xdc:82]
Resolution: If [get_<value>] was used to populate the object, check to make sure this command returns at least one valid object.
WARNING: [Vivado 12-584] No ports matched 'seg[0]'. [/media/deepraj/Work/workspace/Lecture/Hardwar_security/homework/rotate/rotate.srcs/constrs_2/imports/new/basys3.xdc:83]
CRITICAL WARNING: [Common 17-55] 'set_property' expects at least one object. [/media/deepraj/Work/workspace/Lecture/Hardwar_security/homework/rotate/rotate.srcs/constrs_2/imports/new/basys3.xdc:83]
Resolution: If [get_<value>] was used to populate the object, check to make sure this command returns at least one valid object.
WARNING: [Vivado 12-584] No ports matched 'seg[1]'. [/media/deepraj/Work/workspace/Lecture/Hardwar_security/homework/rotate/rotate.srcs/constrs_2/imports/new/basys3.xdc:84]
CRITICAL WARNING: [Common 17-55] 'set_property' expects at least one object. [/media/deepraj/Work/workspace/Lecture/Hardwar_security/homework/rotate/rotate.srcs/constrs_2/imports/new/basys3.xdc:84]
Resolution: If [get_<value>] was used to populate the object, check to make sure this command returns at least one valid object.
WARNING: [Vivado 12-584] No ports matched 'seg[1]'. [/media/deepraj/Work/workspace/Lecture/Hardwar_security/homework/rotate/rotate.srcs/constrs_2/imports/new/basys3.xdc:85]
CRITICAL WARNING: [Common 17-55] 'set_property' expects at least one object. [/media/deepraj/Work/workspace/Lecture/Hardwar_security/homework/rotate/rotate.srcs/constrs_2/imports/new/basys3.xdc:85]
Resolution: If [get_<value>] was used to populate the object, check to make sure this command returns at least one valid object.
WARNING: [Vivado 12-584] No ports matched 'seg[2]'. [/media/deepraj/Work/workspace/Lecture/Hardwar_security/homework/rotate/rotate.srcs/constrs_2/imports/new/basys3.xdc:86]
CRITICAL WARNING: [Common 17-55] 'set_property' expects at least one object. [/media/deepraj/Work/workspace/Lecture/Hardwar_security/homework/rotate/rotate.srcs/constrs_2/imports/new/basys3.xdc:86]
Resolution: If [get_<value>] was used to populate the object, check to make sure this command returns at least one valid object.
WARNING: [Vivado 12-584] No ports matched 'seg[2]'. [/media/deepraj/Work/workspace/Lecture/Hardwar_security/homework/rotate/rotate.srcs/constrs_2/imports/new/basys3.xdc:87]
CRITICAL WARNING: [Common 17-55] 'set_property' expects at least one object. [/media/deepraj/Work/workspace/Lecture/Hardwar_security/homework/rotate/rotate.srcs/constrs_2/imports/new/basys3.xdc:87]
Resolution: If [get_<value>] was used to populate the object, check to make sure this command returns at least one valid object.
WARNING: [Vivado 12-584] No ports matched 'seg[3]'. [/media/deepraj/Work/workspace/Lecture/Hardwar_security/homework/rotate/rotate.srcs/constrs_2/imports/new/basys3.xdc:88]
CRITICAL WARNING: [Common 17-55] 'set_property' expects at least one object. [/media/deepraj/Work/workspace/Lecture/Hardwar_security/homework/rotate/rotate.srcs/constrs_2/imports/new/basys3.xdc:88]
Resolution: If [get_<value>] was used to populate the object, check to make sure this command returns at least one valid object.
WARNING: [Vivado 12-584] No ports matched 'seg[3]'. [/media/deepraj/Work/workspace/Lecture/Hardwar_security/homework/rotate/rotate.srcs/constrs_2/imports/new/basys3.xdc:89]
CRITICAL WARNING: [Common 17-55] 'set_property' expects at least one object. [/media/deepraj/Work/workspace/Lecture/Hardwar_security/homework/rotate/rotate.srcs/constrs_2/imports/new/basys3.xdc:89]
Resolution: If [get_<value>] was used to populate the object, check to make sure this command returns at least one valid object.
WARNING: [Vivado 12-584] No ports matched 'seg[4]'. [/media/deepraj/Work/workspace/Lecture/Hardwar_security/homework/rotate/rotate.srcs/constrs_2/imports/new/basys3.xdc:90]
CRITICAL WARNING: [Common 17-55] 'set_property' expects at least one object. [/media/deepraj/Work/workspace/Lecture/Hardwar_security/homework/rotate/rotate.srcs/constrs_2/imports/new/basys3.xdc:90]
Resolution: If [get_<value>] was used to populate the object, check to make sure this command returns at least one valid object.
WARNING: [Vivado 12-584] No ports matched 'seg[4]'. [/media/deepraj/Work/workspace/Lecture/Hardwar_security/homework/rotate/rotate.srcs/constrs_2/imports/new/basys3.xdc:91]
CRITICAL WARNING: [Common 17-55] 'set_property' expects at least one object. [/media/deepraj/Work/workspace/Lecture/Hardwar_security/homework/rotate/rotate.srcs/constrs_2/imports/new/basys3.xdc:91]
Resolution: If [get_<value>] was used to populate the object, check to make sure this command returns at least one valid object.
WARNING: [Vivado 12-584] No ports matched 'seg[5]'. [/media/deepraj/Work/workspace/Lecture/Hardwar_security/homework/rotate/rotate.srcs/constrs_2/imports/new/basys3.xdc:92]
CRITICAL WARNING: [Common 17-55] 'set_property' expects at least one object. [/media/deepraj/Work/workspace/Lecture/Hardwar_security/homework/rotate/rotate.srcs/constrs_2/imports/new/basys3.xdc:92]
Resolution: If [get_<value>] was used to populate the object, check to make sure this command returns at least one valid object.
WARNING: [Vivado 12-584] No ports matched 'seg[5]'. [/media/deepraj/Work/workspace/Lecture/Hardwar_security/homework/rotate/rotate.srcs/constrs_2/imports/new/basys3.xdc:93]
CRITICAL WARNING: [Common 17-55] 'set_property' expects at least one object. [/media/deepraj/Work/workspace/Lecture/Hardwar_security/homework/rotate/rotate.srcs/constrs_2/imports/new/basys3.xdc:93]
Resolution: If [get_<value>] was used to populate the object, check to make sure this command returns at least one valid object.
WARNING: [Vivado 12-584] No ports matched 'seg[6]'. [/media/deepraj/Work/workspace/Lecture/Hardwar_security/homework/rotate/rotate.srcs/constrs_2/imports/new/basys3.xdc:94]
CRITICAL WARNING: [Common 17-55] 'set_property' expects at least one object. [/media/deepraj/Work/workspace/Lecture/Hardwar_security/homework/rotate/rotate.srcs/constrs_2/imports/new/basys3.xdc:94]
Resolution: If [get_<value>] was used to populate the object, check to make sure this command returns at least one valid object.
WARNING: [Vivado 12-584] No ports matched 'seg[6]'. [/media/deepraj/Work/workspace/Lecture/Hardwar_security/homework/rotate/rotate.srcs/constrs_2/imports/new/basys3.xdc:95]
CRITICAL WARNING: [Common 17-55] 'set_property' expects at least one object. [/media/deepraj/Work/workspace/Lecture/Hardwar_security/homework/rotate/rotate.srcs/constrs_2/imports/new/basys3.xdc:95]
Resolution: If [get_<value>] was used to populate the object, check to make sure this command returns at least one valid object.
WARNING: [Vivado 12-584] No ports matched 'dp'. [/media/deepraj/Work/workspace/Lecture/Hardwar_security/homework/rotate/rotate.srcs/constrs_2/imports/new/basys3.xdc:97]
CRITICAL WARNING: [Common 17-55] 'set_property' expects at least one object. [/media/deepraj/Work/workspace/Lecture/Hardwar_security/homework/rotate/rotate.srcs/constrs_2/imports/new/basys3.xdc:97]
Resolution: If [get_<value>] was used to populate the object, check to make sure this command returns at least one valid object.
WARNING: [Vivado 12-584] No ports matched 'dp'. [/media/deepraj/Work/workspace/Lecture/Hardwar_security/homework/rotate/rotate.srcs/constrs_2/imports/new/basys3.xdc:98]
CRITICAL WARNING: [Common 17-55] 'set_property' expects at least one object. [/media/deepraj/Work/workspace/Lecture/Hardwar_security/homework/rotate/rotate.srcs/constrs_2/imports/new/basys3.xdc:98]
Resolution: If [get_<value>] was used to populate the object, check to make sure this command returns at least one valid object.
WARNING: [Vivado 12-584] No ports matched 'an[0]'. [/media/deepraj/Work/workspace/Lecture/Hardwar_security/homework/rotate/rotate.srcs/constrs_2/imports/new/basys3.xdc:100]
CRITICAL WARNING: [Common 17-55] 'set_property' expects at least one object. [/media/deepraj/Work/workspace/Lecture/Hardwar_security/homework/rotate/rotate.srcs/constrs_2/imports/new/basys3.xdc:100]
Resolution: If [get_<value>] was used to populate the object, check to make sure this command returns at least one valid object.
WARNING: [Vivado 12-584] No ports matched 'an[0]'. [/media/deepraj/Work/workspace/Lecture/Hardwar_security/homework/rotate/rotate.srcs/constrs_2/imports/new/basys3.xdc:101]
CRITICAL WARNING: [Common 17-55] 'set_property' expects at least one object. [/media/deepraj/Work/workspace/Lecture/Hardwar_security/homework/rotate/rotate.srcs/constrs_2/imports/new/basys3.xdc:101]
Resolution: If [get_<value>] was used to populate the object, check to make sure this command returns at least one valid object.
WARNING: [Vivado 12-584] No ports matched 'an[1]'. [/media/deepraj/Work/workspace/Lecture/Hardwar_security/homework/rotate/rotate.srcs/constrs_2/imports/new/basys3.xdc:102]
CRITICAL WARNING: [Common 17-55] 'set_property' expects at least one object. [/media/deepraj/Work/workspace/Lecture/Hardwar_security/homework/rotate/rotate.srcs/constrs_2/imports/new/basys3.xdc:102]
Resolution: If [get_<value>] was used to populate the object, check to make sure this command returns at least one valid object.
WARNING: [Vivado 12-584] No ports matched 'an[1]'. [/media/deepraj/Work/workspace/Lecture/Hardwar_security/homework/rotate/rotate.srcs/constrs_2/imports/new/basys3.xdc:103]
CRITICAL WARNING: [Common 17-55] 'set_property' expects at least one object. [/media/deepraj/Work/workspace/Lecture/Hardwar_security/homework/rotate/rotate.srcs/constrs_2/imports/new/basys3.xdc:103]
Resolution: If [get_<value>] was used to populate the object, check to make sure this command returns at least one valid object.
WARNING: [Vivado 12-584] No ports matched 'an[2]'. [/media/deepraj/Work/workspace/Lecture/Hardwar_security/homework/rotate/rotate.srcs/constrs_2/imports/new/basys3.xdc:104]
CRITICAL WARNING: [Common 17-55] 'set_property' expects at least one object. [/media/deepraj/Work/workspace/Lecture/Hardwar_security/homework/rotate/rotate.srcs/constrs_2/imports/new/basys3.xdc:104]
Resolution: If [get_<value>] was used to populate the object, check to make sure this command returns at least one valid object.
WARNING: [Vivado 12-584] No ports matched 'an[2]'. [/media/deepraj/Work/workspace/Lecture/Hardwar_security/homework/rotate/rotate.srcs/constrs_2/imports/new/basys3.xdc:105]
CRITICAL WARNING: [Common 17-55] 'set_property' expects at least one object. [/media/deepraj/Work/workspace/Lecture/Hardwar_security/homework/rotate/rotate.srcs/constrs_2/imports/new/basys3.xdc:105]
Resolution: If [get_<value>] was used to populate the object, check to make sure this command returns at least one valid object.
WARNING: [Vivado 12-584] No ports matched 'an[3]'. [/media/deepraj/Work/workspace/Lecture/Hardwar_security/homework/rotate/rotate.srcs/constrs_2/imports/new/basys3.xdc:106]
CRITICAL WARNING: [Common 17-55] 'set_property' expects at least one object. [/media/deepraj/Work/workspace/Lecture/Hardwar_security/homework/rotate/rotate.srcs/constrs_2/imports/new/basys3.xdc:106]
Resolution: If [get_<value>] was used to populate the object, check to make sure this command returns at least one valid object.
WARNING: [Vivado 12-584] No ports matched 'an[3]'. [/media/deepraj/Work/workspace/Lecture/Hardwar_security/homework/rotate/rotate.srcs/constrs_2/imports/new/basys3.xdc:107]
CRITICAL WARNING: [Common 17-55] 'set_property' expects at least one object. [/media/deepraj/Work/workspace/Lecture/Hardwar_security/homework/rotate/rotate.srcs/constrs_2/imports/new/basys3.xdc:107]
Resolution: If [get_<value>] was used to populate the object, check to make sure this command returns at least one valid object.
WARNING: [Vivado 12-584] No ports matched 'BTNU'. [/media/deepraj/Work/workspace/Lecture/Hardwar_security/homework/rotate/rotate.srcs/constrs_2/imports/new/basys3.xdc:113]
CRITICAL WARNING: [Common 17-55] 'set_property' expects at least one object. [/media/deepraj/Work/workspace/Lecture/Hardwar_security/homework/rotate/rotate.srcs/constrs_2/imports/new/basys3.xdc:113]
Resolution: If [get_<value>] was used to populate the object, check to make sure this command returns at least one valid object.
WARNING: [Vivado 12-584] No ports matched 'BTNU'. [/media/deepraj/Work/workspace/Lecture/Hardwar_security/homework/rotate/rotate.srcs/constrs_2/imports/new/basys3.xdc:114]
CRITICAL WARNING: [Common 17-55] 'set_property' expects at least one object. [/media/deepraj/Work/workspace/Lecture/Hardwar_security/homework/rotate/rotate.srcs/constrs_2/imports/new/basys3.xdc:114]
Resolution: If [get_<value>] was used to populate the object, check to make sure this command returns at least one valid object.
WARNING: [Vivado 12-584] No ports matched 'BTNL'. [/media/deepraj/Work/workspace/Lecture/Hardwar_security/homework/rotate/rotate.srcs/constrs_2/imports/new/basys3.xdc:115]
CRITICAL WARNING: [Common 17-55] 'set_property' expects at least one object. [/media/deepraj/Work/workspace/Lecture/Hardwar_security/homework/rotate/rotate.srcs/constrs_2/imports/new/basys3.xdc:115]
Resolution: If [get_<value>] was used to populate the object, check to make sure this command returns at least one valid object.
WARNING: [Vivado 12-584] No ports matched 'BTNL'. [/media/deepraj/Work/workspace/Lecture/Hardwar_security/homework/rotate/rotate.srcs/constrs_2/imports/new/basys3.xdc:116]
CRITICAL WARNING: [Common 17-55] 'set_property' expects at least one object. [/media/deepraj/Work/workspace/Lecture/Hardwar_security/homework/rotate/rotate.srcs/constrs_2/imports/new/basys3.xdc:116]
Resolution: If [get_<value>] was used to populate the object, check to make sure this command returns at least one valid object.
WARNING: [Vivado 12-584] No ports matched 'BTNR'. [/media/deepraj/Work/workspace/Lecture/Hardwar_security/homework/rotate/rotate.srcs/constrs_2/imports/new/basys3.xdc:117]
CRITICAL WARNING: [Common 17-55] 'set_property' expects at least one object. [/media/deepraj/Work/workspace/Lecture/Hardwar_security/homework/rotate/rotate.srcs/constrs_2/imports/new/basys3.xdc:117]
Resolution: If [get_<value>] was used to populate the object, check to make sure this command returns at least one valid object.
WARNING: [Vivado 12-584] No ports matched 'BTNR'. [/media/deepraj/Work/workspace/Lecture/Hardwar_security/homework/rotate/rotate.srcs/constrs_2/imports/new/basys3.xdc:118]
CRITICAL WARNING: [Common 17-55] 'set_property' expects at least one object. [/media/deepraj/Work/workspace/Lecture/Hardwar_security/homework/rotate/rotate.srcs/constrs_2/imports/new/basys3.xdc:118]
Resolution: If [get_<value>] was used to populate the object, check to make sure this command returns at least one valid object.
WARNING: [Vivado 12-584] No ports matched 'BTND'. [/media/deepraj/Work/workspace/Lecture/Hardwar_security/homework/rotate/rotate.srcs/constrs_2/imports/new/basys3.xdc:119]
CRITICAL WARNING: [Common 17-55] 'set_property' expects at least one object. [/media/deepraj/Work/workspace/Lecture/Hardwar_security/homework/rotate/rotate.srcs/constrs_2/imports/new/basys3.xdc:119]
Resolution: If [get_<value>] was used to populate the object, check to make sure this command returns at least one valid object.
WARNING: [Vivado 12-584] No ports matched 'BTND'. [/media/deepraj/Work/workspace/Lecture/Hardwar_security/homework/rotate/rotate.srcs/constrs_2/imports/new/basys3.xdc:120]
CRITICAL WARNING: [Common 17-55] 'set_property' expects at least one object. [/media/deepraj/Work/workspace/Lecture/Hardwar_security/homework/rotate/rotate.srcs/constrs_2/imports/new/basys3.xdc:120]
Resolution: If [get_<value>] was used to populate the object, check to make sure this command returns at least one valid object.
WARNING: [Vivado 12-584] No ports matched 'vauxp6'. [/media/deepraj/Work/workspace/Lecture/Hardwar_security/homework/rotate/rotate.srcs/constrs_2/imports/new/basys3.xdc:209]
CRITICAL WARNING: [Common 17-55] 'set_property' expects at least one object. [/media/deepraj/Work/workspace/Lecture/Hardwar_security/homework/rotate/rotate.srcs/constrs_2/imports/new/basys3.xdc:209]
Resolution: If [get_<value>] was used to populate the object, check to make sure this command returns at least one valid object.
WARNING: [Vivado 12-584] No ports matched 'vauxp6'. [/media/deepraj/Work/workspace/Lecture/Hardwar_security/homework/rotate/rotate.srcs/constrs_2/imports/new/basys3.xdc:210]
CRITICAL WARNING: [Common 17-55] 'set_property' expects at least one object. [/media/deepraj/Work/workspace/Lecture/Hardwar_security/homework/rotate/rotate.srcs/constrs_2/imports/new/basys3.xdc:210]
Resolution: If [get_<value>] was used to populate the object, check to make sure this command returns at least one valid object.
WARNING: [Vivado 12-584] No ports matched 'vauxp14'. [/media/deepraj/Work/workspace/Lecture/Hardwar_security/homework/rotate/rotate.srcs/constrs_2/imports/new/basys3.xdc:212]
CRITICAL WARNING: [Common 17-55] 'set_property' expects at least one object. [/media/deepraj/Work/workspace/Lecture/Hardwar_security/homework/rotate/rotate.srcs/constrs_2/imports/new/basys3.xdc:212]
Resolution: If [get_<value>] was used to populate the object, check to make sure this command returns at least one valid object.
WARNING: [Vivado 12-584] No ports matched 'vauxp14'. [/media/deepraj/Work/workspace/Lecture/Hardwar_security/homework/rotate/rotate.srcs/constrs_2/imports/new/basys3.xdc:213]
CRITICAL WARNING: [Common 17-55] 'set_property' expects at least one object. [/media/deepraj/Work/workspace/Lecture/Hardwar_security/homework/rotate/rotate.srcs/constrs_2/imports/new/basys3.xdc:213]
Resolution: If [get_<value>] was used to populate the object, check to make sure this command returns at least one valid object.
WARNING: [Vivado 12-584] No ports matched 'vauxp7'. [/media/deepraj/Work/workspace/Lecture/Hardwar_security/homework/rotate/rotate.srcs/constrs_2/imports/new/basys3.xdc:215]
CRITICAL WARNING: [Common 17-55] 'set_property' expects at least one object. [/media/deepraj/Work/workspace/Lecture/Hardwar_security/homework/rotate/rotate.srcs/constrs_2/imports/new/basys3.xdc:215]
Resolution: If [get_<value>] was used to populate the object, check to make sure this command returns at least one valid object.
WARNING: [Vivado 12-584] No ports matched 'vauxp7'. [/media/deepraj/Work/workspace/Lecture/Hardwar_security/homework/rotate/rotate.srcs/constrs_2/imports/new/basys3.xdc:216]
CRITICAL WARNING: [Common 17-55] 'set_property' expects at least one object. [/media/deepraj/Work/workspace/Lecture/Hardwar_security/homework/rotate/rotate.srcs/constrs_2/imports/new/basys3.xdc:216]
Resolution: If [get_<value>] was used to populate the object, check to make sure this command returns at least one valid object.
WARNING: [Vivado 12-584] No ports matched 'vauxp15'. [/media/deepraj/Work/workspace/Lecture/Hardwar_security/homework/rotate/rotate.srcs/constrs_2/imports/new/basys3.xdc:218]
CRITICAL WARNING: [Common 17-55] 'set_property' expects at least one object. [/media/deepraj/Work/workspace/Lecture/Hardwar_security/homework/rotate/rotate.srcs/constrs_2/imports/new/basys3.xdc:218]
Resolution: If [get_<value>] was used to populate the object, check to make sure this command returns at least one valid object.
WARNING: [Vivado 12-584] No ports matched 'vauxp15'. [/media/deepraj/Work/workspace/Lecture/Hardwar_security/homework/rotate/rotate.srcs/constrs_2/imports/new/basys3.xdc:219]
CRITICAL WARNING: [Common 17-55] 'set_property' expects at least one object. [/media/deepraj/Work/workspace/Lecture/Hardwar_security/homework/rotate/rotate.srcs/constrs_2/imports/new/basys3.xdc:219]
Resolution: If [get_<value>] was used to populate the object, check to make sure this command returns at least one valid object.
WARNING: [Vivado 12-584] No ports matched 'vauxn6'. [/media/deepraj/Work/workspace/Lecture/Hardwar_security/homework/rotate/rotate.srcs/constrs_2/imports/new/basys3.xdc:221]
CRITICAL WARNING: [Common 17-55] 'set_property' expects at least one object. [/media/deepraj/Work/workspace/Lecture/Hardwar_security/homework/rotate/rotate.srcs/constrs_2/imports/new/basys3.xdc:221]
Resolution: If [get_<value>] was used to populate the object, check to make sure this command returns at least one valid object.
WARNING: [Vivado 12-584] No ports matched 'vauxn6'. [/media/deepraj/Work/workspace/Lecture/Hardwar_security/homework/rotate/rotate.srcs/constrs_2/imports/new/basys3.xdc:222]
CRITICAL WARNING: [Common 17-55] 'set_property' expects at least one object. [/media/deepraj/Work/workspace/Lecture/Hardwar_security/homework/rotate/rotate.srcs/constrs_2/imports/new/basys3.xdc:222]
Resolution: If [get_<value>] was used to populate the object, check to make sure this command returns at least one valid object.
WARNING: [Vivado 12-584] No ports matched 'vauxn14'. [/media/deepraj/Work/workspace/Lecture/Hardwar_security/homework/rotate/rotate.srcs/constrs_2/imports/new/basys3.xdc:224]
CRITICAL WARNING: [Common 17-55] 'set_property' expects at least one object. [/media/deepraj/Work/workspace/Lecture/Hardwar_security/homework/rotate/rotate.srcs/constrs_2/imports/new/basys3.xdc:224]
Resolution: If [get_<value>] was used to populate the object, check to make sure this command returns at least one valid object.
WARNING: [Vivado 12-584] No ports matched 'vauxn14'. [/media/deepraj/Work/workspace/Lecture/Hardwar_security/homework/rotate/rotate.srcs/constrs_2/imports/new/basys3.xdc:225]
CRITICAL WARNING: [Common 17-55] 'set_property' expects at least one object. [/media/deepraj/Work/workspace/Lecture/Hardwar_security/homework/rotate/rotate.srcs/constrs_2/imports/new/basys3.xdc:225]
Resolution: If [get_<value>] was used to populate the object, check to make sure this command returns at least one valid object.
WARNING: [Vivado 12-584] No ports matched 'vauxn7'. [/media/deepraj/Work/workspace/Lecture/Hardwar_security/homework/rotate/rotate.srcs/constrs_2/imports/new/basys3.xdc:227]
CRITICAL WARNING: [Common 17-55] 'set_property' expects at least one object. [/media/deepraj/Work/workspace/Lecture/Hardwar_security/homework/rotate/rotate.srcs/constrs_2/imports/new/basys3.xdc:227]
Resolution: If [get_<value>] was used to populate the object, check to make sure this command returns at least one valid object.
WARNING: [Vivado 12-584] No ports matched 'vauxn7'. [/media/deepraj/Work/workspace/Lecture/Hardwar_security/homework/rotate/rotate.srcs/constrs_2/imports/new/basys3.xdc:228]
CRITICAL WARNING: [Common 17-55] 'set_property' expects at least one object. [/media/deepraj/Work/workspace/Lecture/Hardwar_security/homework/rotate/rotate.srcs/constrs_2/imports/new/basys3.xdc:228]
Resolution: If [get_<value>] was used to populate the object, check to make sure this command returns at least one valid object.
WARNING: [Vivado 12-584] No ports matched 'vauxn15'. [/media/deepraj/Work/workspace/Lecture/Hardwar_security/homework/rotate/rotate.srcs/constrs_2/imports/new/basys3.xdc:230]
CRITICAL WARNING: [Common 17-55] 'set_property' expects at least one object. [/media/deepraj/Work/workspace/Lecture/Hardwar_security/homework/rotate/rotate.srcs/constrs_2/imports/new/basys3.xdc:230]
Resolution: If [get_<value>] was used to populate the object, check to make sure this command returns at least one valid object.
WARNING: [Vivado 12-584] No ports matched 'vauxn15'. [/media/deepraj/Work/workspace/Lecture/Hardwar_security/homework/rotate/rotate.srcs/constrs_2/imports/new/basys3.xdc:231]
CRITICAL WARNING: [Common 17-55] 'set_property' expects at least one object. [/media/deepraj/Work/workspace/Lecture/Hardwar_security/homework/rotate/rotate.srcs/constrs_2/imports/new/basys3.xdc:231]
Resolution: If [get_<value>] was used to populate the object, check to make sure this command returns at least one valid object.
Finished Parsing XDC File [/media/deepraj/Work/workspace/Lecture/Hardwar_security/homework/rotate/rotate.srcs/constrs_2/imports/new/basys3.xdc]
INFO: [Opt 31-138] Pushed 0 inverter(s) to 0 load pin(s).
CRITICAL WARNING: [Project 1-486] Could not resolve non-primitive black box cell 'leftrotate' instantiated as 'u_leftrotate' [/media/deepraj/Work/workspace/Lecture/Hardwar_security/homework/rotate/rotate.srcs/sources_1/new/rotate_fpga.vhd:197]
INFO: [Project 1-111] Unisim Transformation Summary:
No Unisim elements were transformed.

7 Infos, 84 Warnings, 85 Critical Warnings and 0 Errors encountered.
link_design completed successfully
link_design: Time (s): cpu = 00:00:09 ; elapsed = 00:00:20 . Memory (MB): peak = 1515.977 ; gain = 330.398 ; free physical = 965 ; free virtual = 8992
Command: opt_design
Attempting to get a license for feature 'Implementation' and/or device 'xc7a35t'
INFO: [Common 17-349] Got license for feature 'Implementation' and/or device 'xc7a35t'
Running DRC as a precondition to command opt_design

Starting DRC Task
INFO: [DRC 23-27] Running DRC with 8 threads
ERROR: [DRC INBB-3] Black Box Instances: Cell 'u_leftrotate' of type 'leftrotate' has undefined contents and is considered a black box.  The contents of this cell must be defined for opt_design to complete successfully.
INFO: [Project 1-461] DRC finished with 1 Errors
INFO: [Project 1-462] Please refer to the DRC report (report_drc) for more information.
ERROR: [Vivado_Tcl 4-78] Error(s) found during DRC. Opt_design not run.

Time (s): cpu = 00:00:01 ; elapsed = 00:00:01 . Memory (MB): peak = 1589.008 ; gain = 73.031 ; free physical = 957 ; free virtual = 8985
INFO: [Common 17-83] Releasing license: Implementation
12 Infos, 84 Warnings, 85 Critical Warnings and 2 Errors encountered.
opt_design failed
ERROR: [Common 17-39] 'opt_design' failed due to earlier errors.

INFO: [Common 17-206] Exiting Vivado at Sat Sep 21 13:47:40 2019...
